/mnt/e/ComPhys/cbfnet/enpaper/Dataset/CCData/C2H5CCC2H5/C2H5CCC2H5_1/0/
/mnt/e/ComPhys/cbfnet/enpaper/Dataset/CCData/C2H5CCC2H5/C2H5CCC2H5_1/1/
/mnt/e/ComPhys/cbfnet/enpaper/Dataset/CCData/C2H5CCC2H5/C2H5CCC2H5_1/10/
/mnt/e/ComPhys/cbfnet/enpaper/Dataset/CCData/C2H5CCC2H5/C2H5CCC2H5_1/11/
/mnt/e/ComPhys/cbfnet/enpaper/Dataset/CCData/C2H5CCC2H5/C2H5CCC2H5_1/12/
/mnt/e/ComPhys/cbfnet/enpaper/Dataset/CCData/C2H5CCC2H5/C2H5CCC2H5_1/2/
/mnt/e/ComPhys/cbfnet/enpaper/Dataset/CCData/C2H5CCC2H5/C2H5CCC2H5_1/3/
/mnt/e/ComPhys/cbfnet/enpaper/Dataset/CCData/C2H5CCC2H5/C2H5CCC2H5_1/4/
/mnt/e/ComPhys/cbfnet/enpaper/Dataset/CCData/C2H5CCC2H5/C2H5CCC2H5_1/5/
/mnt/e/ComPhys/cbfnet/enpaper/Dataset/CCData/C2H5CCC2H5/C2H5CCC2H5_1/6/
/mnt/e/ComPhys/cbfnet/enpaper/Dataset/CCData/C2H5CCC2H5/C2H5CCC2H5_1/7/
/mnt/e/ComPhys/cbfnet/enpaper/Dataset/CCData/C2H5CCC2H5/C2H5CCC2H5_1/8/
/mnt/e/ComPhys/cbfnet/enpaper/Dataset/CCData/C2H5CCC2H5/C2H5CCC2H5_1/9/
/mnt/e/ComPhys/cbfnet/enpaper/Dataset/CCData/C2H5CCCH/C2H5CCCH_1/X/0/
/mnt/e/ComPhys/cbfnet/enpaper/Dataset/CCData/C2H5CCCH/C2H5CCCH_1/X/1/
/mnt/e/ComPhys/cbfnet/enpaper/Dataset/CCData/C2H5CCCH/C2H5CCCH_1/X/10/
/mnt/e/ComPhys/cbfnet/enpaper/Dataset/CCData/C2H5CCCH/C2H5CCCH_1/X/11/
/mnt/e/ComPhys/cbfnet/enpaper/Dataset/CCData/C2H5CCCH/C2H5CCCH_1/X/12/
/mnt/e/ComPhys/cbfnet/enpaper/Dataset/CCData/C2H5CCCH/C2H5CCCH_1/X/13/
/mnt/e/ComPhys/cbfnet/enpaper/Dataset/CCData/C2H5CCCH/C2H5CCCH_1/X/2/
/mnt/e/ComPhys/cbfnet/enpaper/Dataset/CCData/C2H5CCCH/C2H5CCCH_1/X/3/
/mnt/e/ComPhys/cbfnet/enpaper/Dataset/CCData/C2H5CCCH/C2H5CCCH_1/X/4/
/mnt/e/ComPhys/cbfnet/enpaper/Dataset/CCData/C2H5CCCH/C2H5CCCH_1/X/5/
/mnt/e/ComPhys/cbfnet/enpaper/Dataset/CCData/C2H5CCCH/C2H5CCCH_1/X/6/
/mnt/e/ComPhys/cbfnet/enpaper/Dataset/CCData/C2H5CCCH/C2H5CCCH_1/X/7/
/mnt/e/ComPhys/cbfnet/enpaper/Dataset/CCData/C2H5CCCH/C2H5CCCH_1/X/8/
/mnt/e/ComPhys/cbfnet/enpaper/Dataset/CCData/C2H5CCCH/C2H5CCCH_1/X/9/
/mnt/e/ComPhys/cbfnet/enpaper/Dataset/CCData/C2H6CCC2H6/C2H6CCC2H6_1/X/0/
/mnt/e/ComPhys/cbfnet/enpaper/Dataset/CCData/C2H6CCC2H6/C2H6CCC2H6_1/X/1/
/mnt/e/ComPhys/cbfnet/enpaper/Dataset/CCData/C2H6CCC2H6/C2H6CCC2H6_1/X/10/
/mnt/e/ComPhys/cbfnet/enpaper/Dataset/CCData/C2H6CCC2H6/C2H6CCC2H6_1/X/11/
/mnt/e/ComPhys/cbfnet/enpaper/Dataset/CCData/C2H6CCC2H6/C2H6CCC2H6_1/X/12/
/mnt/e/ComPhys/cbfnet/enpaper/Dataset/CCData/C2H6CCC2H6/C2H6CCC2H6_1/X/13/
/mnt/e/ComPhys/cbfnet/enpaper/Dataset/CCData/C2H6CCC2H6/C2H6CCC2H6_1/X/2/
/mnt/e/ComPhys/cbfnet/enpaper/Dataset/CCData/C2H6CCC2H6/C2H6CCC2H6_1/X/3/
/mnt/e/ComPhys/cbfnet/enpaper/Dataset/CCData/C2H6CCC2H6/C2H6CCC2H6_1/X/4/
/mnt/e/ComPhys/cbfnet/enpaper/Dataset/CCData/C2H6CCC2H6/C2H6CCC2H6_1/X/5/
/mnt/e/ComPhys/cbfnet/enpaper/Dataset/CCData/C2H6CCC2H6/C2H6CCC2H6_1/X/6/
/mnt/e/ComPhys/cbfnet/enpaper/Dataset/CCData/C2H6CCC2H6/C2H6CCC2H6_1/X/7/
/mnt/e/ComPhys/cbfnet/enpaper/Dataset/CCData/C2H6CCC2H6/C2H6CCC2H6_1/X/8/
/mnt/e/ComPhys/cbfnet/enpaper/Dataset/CCData/C2H6CCC2H6/C2H6CCC2H6_1/X/9/
/mnt/e/ComPhys/cbfnet/enpaper/Dataset/CCData/C2H6CHCC2H5/C2H6CHCC2H5_1/X/0/
/mnt/e/ComPhys/cbfnet/enpaper/Dataset/CCData/C2H6CHCC2H5/C2H6CHCC2H5_1/X/1/
/mnt/e/ComPhys/cbfnet/enpaper/Dataset/CCData/C2H6CHCC2H5/C2H6CHCC2H5_1/X/10/
/mnt/e/ComPhys/cbfnet/enpaper/Dataset/CCData/C2H6CHCC2H5/C2H6CHCC2H5_1/X/11/
/mnt/e/ComPhys/cbfnet/enpaper/Dataset/CCData/C2H6CHCC2H5/C2H6CHCC2H5_1/X/12/
/mnt/e/ComPhys/cbfnet/enpaper/Dataset/CCData/C2H6CHCC2H5/C2H6CHCC2H5_1/X/13/
/mnt/e/ComPhys/cbfnet/enpaper/Dataset/CCData/C2H6CHCC2H5/C2H6CHCC2H5_1/X/14/
/mnt/e/ComPhys/cbfnet/enpaper/Dataset/CCData/C2H6CHCC2H5/C2H6CHCC2H5_1/X/2/
/mnt/e/ComPhys/cbfnet/enpaper/Dataset/CCData/C2H6CHCC2H5/C2H6CHCC2H5_1/X/3/
/mnt/e/ComPhys/cbfnet/enpaper/Dataset/CCData/C2H6CHCC2H5/C2H6CHCC2H5_1/X/4/
/mnt/e/ComPhys/cbfnet/enpaper/Dataset/CCData/C2H6CHCC2H5/C2H6CHCC2H5_1/X/5/
/mnt/e/ComPhys/cbfnet/enpaper/Dataset/CCData/C2H6CHCC2H5/C2H6CHCC2H5_1/X/6/
/mnt/e/ComPhys/cbfnet/enpaper/Dataset/CCData/C2H6CHCC2H5/C2H6CHCC2H5_1/X/7/
/mnt/e/ComPhys/cbfnet/enpaper/Dataset/CCData/C2H6CHCC2H5/C2H6CHCC2H5_1/X/8/
/mnt/e/ComPhys/cbfnet/enpaper/Dataset/CCData/C2H6CHCC2H5/C2H6CHCC2H5_1/X/9/
/mnt/e/ComPhys/cbfnet/enpaper/Dataset/CCData/C2H6CHCC2H5/C2H6CHCC2H5_2/0/
/mnt/e/ComPhys/cbfnet/enpaper/Dataset/CCData/C2H6CHCC2H5/C2H6CHCC2H5_2/1/
/mnt/e/ComPhys/cbfnet/enpaper/Dataset/CCData/C2H6CHCC2H5/C2H6CHCC2H5_2/10/
/mnt/e/ComPhys/cbfnet/enpaper/Dataset/CCData/C2H6CHCC2H5/C2H6CHCC2H5_2/11/
/mnt/e/ComPhys/cbfnet/enpaper/Dataset/CCData/C2H6CHCC2H5/C2H6CHCC2H5_2/12/
/mnt/e/ComPhys/cbfnet/enpaper/Dataset/CCData/C2H6CHCC2H5/C2H6CHCC2H5_2/2/
/mnt/e/ComPhys/cbfnet/enpaper/Dataset/CCData/C2H6CHCC2H5/C2H6CHCC2H5_2/3/
/mnt/e/ComPhys/cbfnet/enpaper/Dataset/CCData/C2H6CHCC2H5/C2H6CHCC2H5_2/4/
/mnt/e/ComPhys/cbfnet/enpaper/Dataset/CCData/C2H6CHCC2H5/C2H6CHCC2H5_2/5/
/mnt/e/ComPhys/cbfnet/enpaper/Dataset/CCData/C2H6CHCC2H5/C2H6CHCC2H5_2/6/
/mnt/e/ComPhys/cbfnet/enpaper/Dataset/CCData/C2H6CHCC2H5/C2H6CHCC2H5_2/7/
/mnt/e/ComPhys/cbfnet/enpaper/Dataset/CCData/C2H6CHCC2H5/C2H6CHCC2H5_2/8/
/mnt/e/ComPhys/cbfnet/enpaper/Dataset/CCData/C2H6CHCC2H5/C2H6CHCC2H5_2/9/
/mnt/e/ComPhys/cbfnet/enpaper/Dataset/CCData/C2H6CHCC3H9/C2H6CHCC3H9_1/X/0/
/mnt/e/ComPhys/cbfnet/enpaper/Dataset/CCData/C2H6CHCC3H9/C2H6CHCC3H9_1/X/1/
/mnt/e/ComPhys/cbfnet/enpaper/Dataset/CCData/C2H6CHCC3H9/C2H6CHCC3H9_1/X/10/
/mnt/e/ComPhys/cbfnet/enpaper/Dataset/CCData/C2H6CHCC3H9/C2H6CHCC3H9_1/X/11/
/mnt/e/ComPhys/cbfnet/enpaper/Dataset/CCData/C2H6CHCC3H9/C2H6CHCC3H9_1/X/12/
/mnt/e/ComPhys/cbfnet/enpaper/Dataset/CCData/C2H6CHCC3H9/C2H6CHCC3H9_1/X/13/
/mnt/e/ComPhys/cbfnet/enpaper/Dataset/CCData/C2H6CHCC3H9/C2H6CHCC3H9_1/X/14/
/mnt/e/ComPhys/cbfnet/enpaper/Dataset/CCData/C2H6CHCC3H9/C2H6CHCC3H9_1/X/2/
/mnt/e/ComPhys/cbfnet/enpaper/Dataset/CCData/C2H6CHCC3H9/C2H6CHCC3H9_1/X/3/
/mnt/e/ComPhys/cbfnet/enpaper/Dataset/CCData/C2H6CHCC3H9/C2H6CHCC3H9_1/X/4/
/mnt/e/ComPhys/cbfnet/enpaper/Dataset/CCData/C2H6CHCC3H9/C2H6CHCC3H9_1/X/5/
/mnt/e/ComPhys/cbfnet/enpaper/Dataset/CCData/C2H6CHCC3H9/C2H6CHCC3H9_1/X/6/
/mnt/e/ComPhys/cbfnet/enpaper/Dataset/CCData/C2H6CHCC3H9/C2H6CHCC3H9_1/X/7/
/mnt/e/ComPhys/cbfnet/enpaper/Dataset/CCData/C2H6CHCC3H9/C2H6CHCC3H9_1/X/8/
/mnt/e/ComPhys/cbfnet/enpaper/Dataset/CCData/C2H6CHCC3H9/C2H6CHCC3H9_1/X/9/